(2025-07-03 16:57:53,559) DEBUG: [0.000: id=0001] EventOutcome.SUCCESS (obj_0001 uses spell_0300 on obj_0001.)
(2025-07-03 16:57:53,560) DEBUG: [0.000: id=0002] EventOutcome.SUCCESS (obj_0001 uses spell_0069 on obj_0001.)
(2025-07-03 16:57:53,561) DEBUG: [0.000: id=0003] EventOutcome.SUCCESS (obj_0001 uses spell_0042 on obj_0001.)
(2025-07-03 16:57:53,792) DEBUG: [0.228: id=0001] EventOutcome.SUCCESS (obj_0003 uses spell_0092 on obj_0003.)
(2025-07-03 16:57:53,808) DEBUG: [0.244: id=0001] EventOutcome.SUCCESS (obj_0003 uses spell_0091 on obj_0003.)
(2025-07-03 16:57:53,826) DEBUG: [0.261: id=0001] EventOutcome.SUCCESS (obj_0003 uses spell_0091 on obj_0003.)
(2025-07-03 16:57:53,842) DEBUG: [0.278: id=0001] EventOutcome.SUCCESS (obj_0003 uses spell_0091 on obj_0003.)
(2025-07-03 16:57:53,858) DEBUG: [0.294: id=0001] EventOutcome.SUCCESS (obj_0003 uses spell_0091 on obj_0003.)
(2025-07-03 16:57:53,875) DEBUG: [0.311: id=0001] EventOutcome.SUCCESS (obj_0003 uses spell_0091 on obj_0003.)
(2025-07-03 16:57:53,891) DEBUG: [0.328: id=0001] EventOutcome.SUCCESS (obj_0003 uses spell_0091 on obj_0003.)
(2025-07-03 16:57:53,907) DEBUG: [0.344: id=0001] EventOutcome.SUCCESS (obj_0003 uses spell_0091 on obj_0003.)
(2025-07-03 16:57:53,923) DEBUG: [0.361: id=0001] EventOutcome.SUCCESS (obj_0003 uses spell_0091 on obj_0003.)
(2025-07-03 16:57:53,939) DEBUG: [0.378: id=0001] EventOutcome.SUCCESS (obj_0003 uses spell_0091 on obj_0003.)
(2025-07-03 16:57:53,955) DEBUG: [0.391: id=0001] EventOutcome.SUCCESS (obj_0003 uses spell_0015 on obj_0002.)
(2025-07-03 16:57:53,955) DEBUG: [0.394: id=0002] EventOutcome.SUCCESS (obj_0003 uses spell_0091 on obj_0003.)
(2025-07-03 16:57:53,972) DEBUG: [0.400: id=0001] EventOutcome.SUCCESS (obj_0002 uses spell_0070 on obj_0002.)
(2025-07-03 16:57:53,972) DEBUG: [0.411: id=0002] EventOutcome.SUCCESS (obj_0003 uses spell_0091 on obj_0003.)
(2025-07-03 16:57:53,989) DEBUG: [0.428: id=0001] EventOutcome.SUCCESS (obj_0003 uses spell_0091 on obj_0003.)
(2025-07-03 16:57:54,005) DEBUG: [0.444: id=0001] EventOutcome.SUCCESS (obj_0003 uses spell_0091 on obj_0003.)
(2025-07-03 16:57:54,022) DEBUG: [0.458: id=0001] EventOutcome.SUCCESS (obj_0003 uses spell_0093 on obj_0003.)
(2025-07-03 16:57:54,022) DEBUG: [0.461: id=0002] EventOutcome.AURA_NO_LONGER_EXISTS (obj_0003 uses spell_0091 on obj_0003.)
(2025-07-03 16:57:54,361) DEBUG: [0.800: id=0001] EventOutcome.SUCCESS (obj_0002 uses spell_0071 on obj_0002.)
(2025-07-03 16:57:54,540) DEBUG: [0.977: id=0001] EventOutcome.SUCCESS (obj_0003 uses spell_0041 on obj_0002.)
(2025-07-03 16:57:54,541) DEBUG: [0.977: id=0002] EventOutcome.SUCCESS (obj_0006 uses spell_0362 on obj_0006.)
(2025-07-03 16:57:54,542) DEBUG: [0.977: id=0003] EventOutcome.SUCCESS (obj_0003 uses spell_0041 on obj_0004.)
(2025-07-03 16:57:54,544) DEBUG: [0.977: id=0004] EventOutcome.SUCCESS (obj_0007 uses spell_0362 on obj_0007.)
(2025-07-03 16:57:54,544) DEBUG: [0.977: id=0005] EventOutcome.SUCCESS (obj_0006 uses spell_0117 on obj_0006.)
(2025-07-03 16:57:54,545) DEBUG: [0.977: id=0006] EventOutcome.SUCCESS (obj_0007 uses spell_0117 on obj_0007.)
(2025-07-03 16:57:54,545) DEBUG: [0.977: id=0007] EventOutcome.SUCCESS (obj_0003 uses spell_0041 on obj_0005.)
(2025-07-03 16:57:54,545) DEBUG: [0.977: id=0008] EventOutcome.SUCCESS (obj_0008 uses spell_0362 on obj_0008.)
(2025-07-03 16:57:54,545) DEBUG: [0.977: id=0009] EventOutcome.SUCCESS (obj_0008 uses spell_0117 on obj_0008.)
(2025-07-03 16:57:54,558) DEBUG: [0.994: id=0001] EventOutcome.SUCCESS (obj_0006 uses spell_0361 on obj_0002.)
(2025-07-03 16:57:54,558) DEBUG: [0.994: id=0002] EventOutcome.SUCCESS (obj_0007 uses spell_0361 on obj_0004.)
(2025-07-03 16:57:54,558) DEBUG: [0.994: id=0003] EventOutcome.SUCCESS (obj_0008 uses spell_0361 on obj_0005.)
(2025-07-03 16:57:54,558) DEBUG: [1.000: id=0004] EventOutcome.SUCCESS (obj_0002 uses spell_0015 on obj_0003.)
(2025-07-03 16:57:54,574) DEBUG: [1.002: id=0001] EventOutcome.OUT_OF_RANGE (obj_0006 uses spell_0116 on obj_0002.)
(2025-07-03 16:57:54,575) DEBUG: [1.002: id=0002] EventOutcome.OUT_OF_RANGE (obj_0007 uses spell_0116 on obj_0004.)
(2025-07-03 16:57:54,575) DEBUG: [1.002: id=0003] EventOutcome.OUT_OF_RANGE (obj_0008 uses spell_0116 on obj_0005.)
(2025-07-03 16:57:54,575) DEBUG: [1.010: id=0004] EventOutcome.SUCCESS (obj_0006 uses spell_0361 on obj_0002.)
(2025-07-03 16:57:54,575) DEBUG: [1.010: id=0005] EventOutcome.SUCCESS (obj_0007 uses spell_0361 on obj_0004.)
(2025-07-03 16:57:54,575) DEBUG: [1.010: id=0006] EventOutcome.SUCCESS (obj_0008 uses spell_0361 on obj_0005.)
(2025-07-03 16:57:54,591) DEBUG: [1.027: id=0001] EventOutcome.OUT_OF_RANGE (obj_0006 uses spell_0116 on obj_0002.)
(2025-07-03 16:57:54,591) DEBUG: [1.027: id=0002] EventOutcome.SUCCESS (obj_0006 uses spell_0361 on obj_0002.)
(2025-07-03 16:57:54,591) DEBUG: [1.027: id=0003] EventOutcome.OUT_OF_RANGE (obj_0007 uses spell_0116 on obj_0004.)
(2025-07-03 16:57:54,591) DEBUG: [1.027: id=0004] EventOutcome.SUCCESS (obj_0007 uses spell_0361 on obj_0004.)
(2025-07-03 16:57:54,591) DEBUG: [1.027: id=0005] EventOutcome.OUT_OF_RANGE (obj_0008 uses spell_0116 on obj_0005.)
(2025-07-03 16:57:54,591) DEBUG: [1.027: id=0006] EventOutcome.SUCCESS (obj_0008 uses spell_0361 on obj_0005.)
(2025-07-03 16:57:54,608) DEBUG: [1.044: id=0001] EventOutcome.SUCCESS (obj_0006 uses spell_0361 on obj_0002.)
(2025-07-03 16:57:54,608) DEBUG: [1.044: id=0002] EventOutcome.SUCCESS (obj_0007 uses spell_0361 on obj_0004.)
(2025-07-03 16:57:54,608) DEBUG: [1.044: id=0003] EventOutcome.SUCCESS (obj_0008 uses spell_0361 on obj_0005.)
(2025-07-03 16:57:54,624) DEBUG: [1.052: id=0001] EventOutcome.OUT_OF_RANGE (obj_0006 uses spell_0116 on obj_0002.)
(2025-07-03 16:57:54,624) DEBUG: [1.052: id=0002] EventOutcome.OUT_OF_RANGE (obj_0007 uses spell_0116 on obj_0004.)
(2025-07-03 16:57:54,624) DEBUG: [1.052: id=0003] EventOutcome.OUT_OF_RANGE (obj_0008 uses spell_0116 on obj_0005.)
(2025-07-03 16:57:54,624) DEBUG: [1.060: id=0004] EventOutcome.SUCCESS (obj_0006 uses spell_0361 on obj_0002.)
(2025-07-03 16:57:54,624) DEBUG: [1.060: id=0005] EventOutcome.SUCCESS (obj_0007 uses spell_0361 on obj_0004.)
(2025-07-03 16:57:54,624) DEBUG: [1.060: id=0006] EventOutcome.SUCCESS (obj_0008 uses spell_0361 on obj_0005.)
(2025-07-03 16:57:54,641) DEBUG: [1.077: id=0001] EventOutcome.OUT_OF_RANGE (obj_0006 uses spell_0116 on obj_0002.)
(2025-07-03 16:57:54,641) DEBUG: [1.077: id=0002] EventOutcome.SUCCESS (obj_0006 uses spell_0361 on obj_0002.)
(2025-07-03 16:57:54,641) DEBUG: [1.077: id=0003] EventOutcome.OUT_OF_RANGE (obj_0007 uses spell_0116 on obj_0004.)
(2025-07-03 16:57:54,641) DEBUG: [1.077: id=0004] EventOutcome.SUCCESS (obj_0007 uses spell_0361 on obj_0004.)
(2025-07-03 16:57:54,641) DEBUG: [1.077: id=0005] EventOutcome.OUT_OF_RANGE (obj_0008 uses spell_0116 on obj_0005.)
(2025-07-03 16:57:54,641) DEBUG: [1.077: id=0006] EventOutcome.SUCCESS (obj_0008 uses spell_0361 on obj_0005.)
(2025-07-03 16:57:54,658) DEBUG: [1.094: id=0001] EventOutcome.SUCCESS (obj_0006 uses spell_0361 on obj_0002.)
(2025-07-03 16:57:54,658) DEBUG: [1.094: id=0002] EventOutcome.SUCCESS (obj_0007 uses spell_0361 on obj_0004.)
(2025-07-03 16:57:54,658) DEBUG: [1.094: id=0003] EventOutcome.SUCCESS (obj_0008 uses spell_0361 on obj_0005.)
(2025-07-03 16:57:54,674) DEBUG: [1.102: id=0001] EventOutcome.OUT_OF_RANGE (obj_0006 uses spell_0116 on obj_0002.)
(2025-07-03 16:57:54,674) DEBUG: [1.102: id=0002] EventOutcome.OUT_OF_RANGE (obj_0007 uses spell_0116 on obj_0004.)
(2025-07-03 16:57:54,674) DEBUG: [1.102: id=0003] EventOutcome.OUT_OF_RANGE (obj_0008 uses spell_0116 on obj_0005.)
(2025-07-03 16:57:54,674) DEBUG: [1.110: id=0004] EventOutcome.SUCCESS (obj_0006 uses spell_0361 on obj_0002.)
(2025-07-03 16:57:54,674) DEBUG: [1.110: id=0005] EventOutcome.SUCCESS (obj_0007 uses spell_0361 on obj_0004.)
(2025-07-03 16:57:54,674) DEBUG: [1.110: id=0006] EventOutcome.SUCCESS (obj_0008 uses spell_0361 on obj_0005.)
(2025-07-03 16:57:54,690) DEBUG: [1.127: id=0001] EventOutcome.OUT_OF_RANGE (obj_0006 uses spell_0116 on obj_0002.)
(2025-07-03 16:57:54,690) DEBUG: [1.127: id=0002] EventOutcome.SUCCESS (obj_0006 uses spell_0361 on obj_0002.)
(2025-07-03 16:57:54,690) DEBUG: [1.127: id=0003] EventOutcome.OUT_OF_RANGE (obj_0007 uses spell_0116 on obj_0004.)
(2025-07-03 16:57:54,690) DEBUG: [1.127: id=0004] EventOutcome.SUCCESS (obj_0007 uses spell_0361 on obj_0004.)
(2025-07-03 16:57:54,690) DEBUG: [1.127: id=0005] EventOutcome.OUT_OF_RANGE (obj_0008 uses spell_0116 on obj_0005.)
(2025-07-03 16:57:54,690) DEBUG: [1.127: id=0006] EventOutcome.SUCCESS (obj_0008 uses spell_0361 on obj_0005.)
(2025-07-03 16:57:54,706) DEBUG: [1.144: id=0001] EventOutcome.SUCCESS (obj_0006 uses spell_0361 on obj_0002.)
(2025-07-03 16:57:54,706) DEBUG: [1.144: id=0002] EventOutcome.SUCCESS (obj_0007 uses spell_0361 on obj_0004.)
(2025-07-03 16:57:54,706) DEBUG: [1.144: id=0003] EventOutcome.SUCCESS (obj_0008 uses spell_0361 on obj_0005.)
(2025-07-03 16:57:54,723) DEBUG: [1.152: id=0001] EventOutcome.OUT_OF_RANGE (obj_0006 uses spell_0116 on obj_0002.)
(2025-07-03 16:57:54,723) DEBUG: [1.152: id=0002] EventOutcome.OUT_OF_RANGE (obj_0007 uses spell_0116 on obj_0004.)
(2025-07-03 16:57:54,723) DEBUG: [1.152: id=0003] EventOutcome.OUT_OF_RANGE (obj_0008 uses spell_0116 on obj_0005.)
(2025-07-03 16:57:54,723) DEBUG: [1.160: id=0004] EventOutcome.SUCCESS (obj_0006 uses spell_0361 on obj_0002.)
(2025-07-03 16:57:54,723) DEBUG: [1.160: id=0005] EventOutcome.SUCCESS (obj_0007 uses spell_0361 on obj_0004.)
(2025-07-03 16:57:54,723) DEBUG: [1.160: id=0006] EventOutcome.SUCCESS (obj_0008 uses spell_0361 on obj_0005.)
(2025-07-03 16:57:54,740) DEBUG: [1.177: id=0001] EventOutcome.OUT_OF_RANGE (obj_0006 uses spell_0116 on obj_0002.)
(2025-07-03 16:57:54,740) DEBUG: [1.177: id=0002] EventOutcome.SUCCESS (obj_0006 uses spell_0361 on obj_0002.)
(2025-07-03 16:57:54,740) DEBUG: [1.177: id=0003] EventOutcome.OUT_OF_RANGE (obj_0007 uses spell_0116 on obj_0004.)
(2025-07-03 16:57:54,740) DEBUG: [1.177: id=0004] EventOutcome.SUCCESS (obj_0007 uses spell_0361 on obj_0004.)
(2025-07-03 16:57:54,740) DEBUG: [1.177: id=0005] EventOutcome.OUT_OF_RANGE (obj_0008 uses spell_0116 on obj_0005.)
(2025-07-03 16:57:54,740) DEBUG: [1.177: id=0006] EventOutcome.SUCCESS (obj_0008 uses spell_0361 on obj_0005.)
(2025-07-03 16:57:54,755) DEBUG: [1.194: id=0001] EventOutcome.SUCCESS (obj_0006 uses spell_0361 on obj_0002.)
(2025-07-03 16:57:54,756) DEBUG: [1.194: id=0002] EventOutcome.SUCCESS (obj_0007 uses spell_0361 on obj_0004.)
(2025-07-03 16:57:54,756) DEBUG: [1.194: id=0003] EventOutcome.SUCCESS (obj_0008 uses spell_0361 on obj_0005.)
(2025-07-03 16:57:54,772) DEBUG: [1.202: id=0001] EventOutcome.OUT_OF_RANGE (obj_0006 uses spell_0116 on obj_0002.)
(2025-07-03 16:57:54,772) DEBUG: [1.202: id=0002] EventOutcome.OUT_OF_RANGE (obj_0007 uses spell_0116 on obj_0004.)
(2025-07-03 16:57:54,772) DEBUG: [1.202: id=0003] EventOutcome.OUT_OF_RANGE (obj_0008 uses spell_0116 on obj_0005.)
(2025-07-03 16:57:54,772) DEBUG: [1.210: id=0004] EventOutcome.SUCCESS (obj_0006 uses spell_0361 on obj_0002.)
(2025-07-03 16:57:54,772) DEBUG: [1.210: id=0005] EventOutcome.SUCCESS (obj_0007 uses spell_0361 on obj_0004.)
(2025-07-03 16:57:54,772) DEBUG: [1.210: id=0006] EventOutcome.SUCCESS (obj_0008 uses spell_0361 on obj_0005.)
(2025-07-03 16:57:54,788) DEBUG: [1.227: id=0001] EventOutcome.OUT_OF_RANGE (obj_0006 uses spell_0116 on obj_0002.)
(2025-07-03 16:57:54,788) DEBUG: [1.227: id=0002] EventOutcome.SUCCESS (obj_0006 uses spell_0361 on obj_0002.)
(2025-07-03 16:57:54,788) DEBUG: [1.227: id=0003] EventOutcome.OUT_OF_RANGE (obj_0007 uses spell_0116 on obj_0004.)
(2025-07-03 16:57:54,788) DEBUG: [1.227: id=0004] EventOutcome.SUCCESS (obj_0007 uses spell_0361 on obj_0004.)
(2025-07-03 16:57:54,788) DEBUG: [1.227: id=0005] EventOutcome.OUT_OF_RANGE (obj_0008 uses spell_0116 on obj_0005.)
(2025-07-03 16:57:54,788) DEBUG: [1.227: id=0006] EventOutcome.SUCCESS (obj_0008 uses spell_0361 on obj_0005.)
(2025-07-03 16:57:54,804) DEBUG: [1.244: id=0001] EventOutcome.SUCCESS (obj_0006 uses spell_0361 on obj_0002.)
(2025-07-03 16:57:54,804) DEBUG: [1.244: id=0002] EventOutcome.SUCCESS (obj_0007 uses spell_0361 on obj_0004.)
(2025-07-03 16:57:54,804) DEBUG: [1.244: id=0003] EventOutcome.SUCCESS (obj_0008 uses spell_0361 on obj_0005.)
(2025-07-03 16:57:54,820) DEBUG: [1.252: id=0001] EventOutcome.OUT_OF_RANGE (obj_0006 uses spell_0116 on obj_0002.)
(2025-07-03 16:57:54,820) DEBUG: [1.252: id=0002] EventOutcome.OUT_OF_RANGE (obj_0007 uses spell_0116 on obj_0004.)
(2025-07-03 16:57:54,820) DEBUG: [1.252: id=0003] EventOutcome.OUT_OF_RANGE (obj_0008 uses spell_0116 on obj_0005.)
(2025-07-03 16:57:54,820) DEBUG: [1.260: id=0004] EventOutcome.SUCCESS (obj_0006 uses spell_0361 on obj_0002.)
(2025-07-03 16:57:54,820) DEBUG: [1.260: id=0005] EventOutcome.SUCCESS (obj_0007 uses spell_0361 on obj_0004.)
(2025-07-03 16:57:54,820) DEBUG: [1.260: id=0006] EventOutcome.SUCCESS (obj_0008 uses spell_0361 on obj_0005.)
(2025-07-03 16:57:54,836) DEBUG: [1.277: id=0001] EventOutcome.OUT_OF_RANGE (obj_0006 uses spell_0116 on obj_0002.)
(2025-07-03 16:57:54,836) DEBUG: [1.277: id=0002] EventOutcome.SUCCESS (obj_0006 uses spell_0361 on obj_0002.)
(2025-07-03 16:57:54,836) DEBUG: [1.277: id=0003] EventOutcome.OUT_OF_RANGE (obj_0007 uses spell_0116 on obj_0004.)
(2025-07-03 16:57:54,836) DEBUG: [1.277: id=0004] EventOutcome.SUCCESS (obj_0007 uses spell_0361 on obj_0004.)
(2025-07-03 16:57:54,836) DEBUG: [1.277: id=0005] EventOutcome.OUT_OF_RANGE (obj_0008 uses spell_0116 on obj_0005.)
(2025-07-03 16:57:54,836) DEBUG: [1.277: id=0006] EventOutcome.SUCCESS (obj_0008 uses spell_0361 on obj_0005.)
(2025-07-03 16:57:54,853) DEBUG: [1.294: id=0001] EventOutcome.SUCCESS (obj_0006 uses spell_0361 on obj_0002.)
(2025-07-03 16:57:54,853) DEBUG: [1.294: id=0002] EventOutcome.SUCCESS (obj_0007 uses spell_0361 on obj_0004.)
(2025-07-03 16:57:54,853) DEBUG: [1.294: id=0003] EventOutcome.SUCCESS (obj_0008 uses spell_0361 on obj_0005.)
(2025-07-03 16:57:54,870) DEBUG: [1.302: id=0001] EventOutcome.OUT_OF_RANGE (obj_0006 uses spell_0116 on obj_0002.)
(2025-07-03 16:57:54,870) DEBUG: [1.302: id=0002] EventOutcome.OUT_OF_RANGE (obj_0007 uses spell_0116 on obj_0004.)
(2025-07-03 16:57:54,870) DEBUG: [1.302: id=0003] EventOutcome.OUT_OF_RANGE (obj_0008 uses spell_0116 on obj_0005.)
(2025-07-03 16:57:54,870) DEBUG: [1.310: id=0004] EventOutcome.SUCCESS (obj_0006 uses spell_0361 on obj_0002.)
(2025-07-03 16:57:54,870) DEBUG: [1.310: id=0005] EventOutcome.SUCCESS (obj_0007 uses spell_0361 on obj_0004.)
(2025-07-03 16:57:54,870) DEBUG: [1.310: id=0006] EventOutcome.SUCCESS (obj_0008 uses spell_0361 on obj_0005.)
(2025-07-03 16:57:54,886) DEBUG: [1.327: id=0001] EventOutcome.OUT_OF_RANGE (obj_0006 uses spell_0116 on obj_0002.)
(2025-07-03 16:57:54,887) DEBUG: [1.327: id=0002] EventOutcome.SUCCESS (obj_0006 uses spell_0361 on obj_0002.)
(2025-07-03 16:57:54,887) DEBUG: [1.327: id=0003] EventOutcome.OUT_OF_RANGE (obj_0007 uses spell_0116 on obj_0004.)
(2025-07-03 16:57:54,887) DEBUG: [1.327: id=0004] EventOutcome.SUCCESS (obj_0007 uses spell_0361 on obj_0004.)
(2025-07-03 16:57:54,887) DEBUG: [1.327: id=0005] EventOutcome.OUT_OF_RANGE (obj_0008 uses spell_0116 on obj_0005.)
(2025-07-03 16:57:54,887) DEBUG: [1.327: id=0006] EventOutcome.SUCCESS (obj_0008 uses spell_0361 on obj_0005.)
(2025-07-03 16:57:54,904) DEBUG: [1.344: id=0001] EventOutcome.SUCCESS (obj_0006 uses spell_0361 on obj_0002.)
(2025-07-03 16:57:54,904) DEBUG: [1.344: id=0002] EventOutcome.SUCCESS (obj_0007 uses spell_0361 on obj_0004.)
(2025-07-03 16:57:54,904) DEBUG: [1.344: id=0003] EventOutcome.SUCCESS (obj_0008 uses spell_0361 on obj_0005.)
(2025-07-03 16:57:54,921) DEBUG: [1.352: id=0001] EventOutcome.OUT_OF_RANGE (obj_0006 uses spell_0116 on obj_0002.)
(2025-07-03 16:57:54,921) DEBUG: [1.352: id=0002] EventOutcome.OUT_OF_RANGE (obj_0007 uses spell_0116 on obj_0004.)
(2025-07-03 16:57:54,921) DEBUG: [1.352: id=0003] EventOutcome.OUT_OF_RANGE (obj_0008 uses spell_0116 on obj_0005.)
(2025-07-03 16:57:54,921) DEBUG: [1.360: id=0004] EventOutcome.SUCCESS (obj_0006 uses spell_0361 on obj_0002.)
(2025-07-03 16:57:54,921) DEBUG: [1.360: id=0005] EventOutcome.SUCCESS (obj_0007 uses spell_0361 on obj_0004.)
(2025-07-03 16:57:54,921) DEBUG: [1.360: id=0006] EventOutcome.SUCCESS (obj_0008 uses spell_0361 on obj_0005.)
(2025-07-03 16:57:54,938) DEBUG: [1.377: id=0001] EventOutcome.OUT_OF_RANGE (obj_0006 uses spell_0116 on obj_0002.)
(2025-07-03 16:57:54,938) DEBUG: [1.377: id=0002] EventOutcome.SUCCESS (obj_0006 uses spell_0361 on obj_0002.)
(2025-07-03 16:57:54,938) DEBUG: [1.377: id=0003] EventOutcome.OUT_OF_RANGE (obj_0007 uses spell_0116 on obj_0004.)
(2025-07-03 16:57:54,938) DEBUG: [1.377: id=0004] EventOutcome.SUCCESS (obj_0007 uses spell_0361 on obj_0004.)
(2025-07-03 16:57:54,938) DEBUG: [1.377: id=0005] EventOutcome.OUT_OF_RANGE (obj_0008 uses spell_0116 on obj_0005.)
(2025-07-03 16:57:54,938) DEBUG: [1.377: id=0006] EventOutcome.SUCCESS (obj_0008 uses spell_0361 on obj_0005.)
(2025-07-03 16:57:54,955) DEBUG: [1.394: id=0001] EventOutcome.SUCCESS (obj_0006 uses spell_0361 on obj_0002.)
(2025-07-03 16:57:54,955) DEBUG: [1.394: id=0002] EventOutcome.SUCCESS (obj_0007 uses spell_0361 on obj_0004.)
(2025-07-03 16:57:54,955) DEBUG: [1.394: id=0003] EventOutcome.SUCCESS (obj_0008 uses spell_0361 on obj_0005.)
(2025-07-03 16:57:54,971) DEBUG: [1.402: id=0001] EventOutcome.OUT_OF_RANGE (obj_0006 uses spell_0116 on obj_0002.)
(2025-07-03 16:57:54,971) DEBUG: [1.402: id=0002] EventOutcome.OUT_OF_RANGE (obj_0007 uses spell_0116 on obj_0004.)
(2025-07-03 16:57:54,971) DEBUG: [1.402: id=0003] EventOutcome.OUT_OF_RANGE (obj_0008 uses spell_0116 on obj_0005.)
(2025-07-03 16:57:54,971) DEBUG: [1.410: id=0004] EventOutcome.SUCCESS (obj_0006 uses spell_0361 on obj_0002.)
(2025-07-03 16:57:54,971) DEBUG: [1.410: id=0005] EventOutcome.SUCCESS (obj_0007 uses spell_0361 on obj_0004.)
(2025-07-03 16:57:54,971) DEBUG: [1.410: id=0006] EventOutcome.SUCCESS (obj_0008 uses spell_0361 on obj_0005.)
(2025-07-03 16:57:54,987) DEBUG: [1.427: id=0001] EventOutcome.OUT_OF_RANGE (obj_0006 uses spell_0116 on obj_0002.)
(2025-07-03 16:57:54,987) DEBUG: [1.427: id=0002] EventOutcome.SUCCESS (obj_0006 uses spell_0361 on obj_0002.)
(2025-07-03 16:57:54,987) DEBUG: [1.427: id=0003] EventOutcome.OUT_OF_RANGE (obj_0007 uses spell_0116 on obj_0004.)
(2025-07-03 16:57:54,987) DEBUG: [1.427: id=0004] EventOutcome.SUCCESS (obj_0007 uses spell_0361 on obj_0004.)
(2025-07-03 16:57:54,987) DEBUG: [1.427: id=0005] EventOutcome.OUT_OF_RANGE (obj_0008 uses spell_0116 on obj_0005.)
(2025-07-03 16:57:54,987) DEBUG: [1.427: id=0006] EventOutcome.SUCCESS (obj_0008 uses spell_0361 on obj_0005.)
(2025-07-03 16:57:55,003) DEBUG: [1.444: id=0001] EventOutcome.SUCCESS (obj_0006 uses spell_0361 on obj_0002.)
(2025-07-03 16:57:55,003) DEBUG: [1.444: id=0002] EventOutcome.SUCCESS (obj_0007 uses spell_0361 on obj_0004.)
(2025-07-03 16:57:55,003) DEBUG: [1.444: id=0003] EventOutcome.SUCCESS (obj_0008 uses spell_0361 on obj_0005.)
(2025-07-03 16:57:55,019) DEBUG: [1.452: id=0001] EventOutcome.OUT_OF_RANGE (obj_0006 uses spell_0116 on obj_0002.)
(2025-07-03 16:57:55,019) DEBUG: [1.452: id=0002] EventOutcome.OUT_OF_RANGE (obj_0007 uses spell_0116 on obj_0004.)
(2025-07-03 16:57:55,019) DEBUG: [1.452: id=0003] EventOutcome.OUT_OF_RANGE (obj_0008 uses spell_0116 on obj_0005.)
(2025-07-03 16:57:55,019) DEBUG: [1.460: id=0004] EventOutcome.SUCCESS (obj_0006 uses spell_0361 on obj_0002.)
(2025-07-03 16:57:55,019) DEBUG: [1.460: id=0005] EventOutcome.SUCCESS (obj_0007 uses spell_0361 on obj_0004.)
(2025-07-03 16:57:55,019) DEBUG: [1.460: id=0006] EventOutcome.SUCCESS (obj_0008 uses spell_0361 on obj_0005.)
(2025-07-03 16:57:55,035) DEBUG: [1.477: id=0001] EventOutcome.OUT_OF_RANGE (obj_0006 uses spell_0116 on obj_0002.)
(2025-07-03 16:57:55,035) DEBUG: [1.477: id=0002] EventOutcome.SUCCESS (obj_0006 uses spell_0361 on obj_0002.)
(2025-07-03 16:57:55,035) DEBUG: [1.477: id=0003] EventOutcome.OUT_OF_RANGE (obj_0007 uses spell_0116 on obj_0004.)
(2025-07-03 16:57:55,035) DEBUG: [1.477: id=0004] EventOutcome.SUCCESS (obj_0007 uses spell_0361 on obj_0004.)
(2025-07-03 16:57:55,035) DEBUG: [1.477: id=0005] EventOutcome.OUT_OF_RANGE (obj_0008 uses spell_0116 on obj_0005.)
(2025-07-03 16:57:55,035) DEBUG: [1.477: id=0006] EventOutcome.SUCCESS (obj_0008 uses spell_0361 on obj_0005.)
(2025-07-03 16:57:55,052) DEBUG: [1.494: id=0001] EventOutcome.SUCCESS (obj_0006 uses spell_0361 on obj_0002.)
(2025-07-03 16:57:55,052) DEBUG: [1.494: id=0002] EventOutcome.SUCCESS (obj_0007 uses spell_0361 on obj_0004.)
(2025-07-03 16:57:55,052) DEBUG: [1.494: id=0003] EventOutcome.SUCCESS (obj_0008 uses spell_0361 on obj_0005.)
(2025-07-03 16:57:55,069) DEBUG: [1.502: id=0001] EventOutcome.OUT_OF_RANGE (obj_0006 uses spell_0116 on obj_0002.)
(2025-07-03 16:57:55,069) DEBUG: [1.502: id=0002] EventOutcome.OUT_OF_RANGE (obj_0007 uses spell_0116 on obj_0004.)
(2025-07-03 16:57:55,069) DEBUG: [1.502: id=0003] EventOutcome.OUT_OF_RANGE (obj_0008 uses spell_0116 on obj_0005.)
(2025-07-03 16:57:55,069) DEBUG: [1.510: id=0004] EventOutcome.SUCCESS (obj_0006 uses spell_0361 on obj_0002.)
(2025-07-03 16:57:55,069) DEBUG: [1.510: id=0005] EventOutcome.SUCCESS (obj_0007 uses spell_0361 on obj_0004.)
(2025-07-03 16:57:55,069) DEBUG: [1.510: id=0006] EventOutcome.SUCCESS (obj_0008 uses spell_0361 on obj_0005.)
(2025-07-03 16:57:55,085) DEBUG: [1.527: id=0001] EventOutcome.OUT_OF_RANGE (obj_0006 uses spell_0116 on obj_0002.)
(2025-07-03 16:57:55,085) DEBUG: [1.527: id=0002] EventOutcome.SUCCESS (obj_0006 uses spell_0361 on obj_0002.)
(2025-07-03 16:57:55,085) DEBUG: [1.527: id=0003] EventOutcome.OUT_OF_RANGE (obj_0007 uses spell_0116 on obj_0004.)
(2025-07-03 16:57:55,085) DEBUG: [1.527: id=0004] EventOutcome.SUCCESS (obj_0007 uses spell_0361 on obj_0004.)
(2025-07-03 16:57:55,085) DEBUG: [1.527: id=0005] EventOutcome.OUT_OF_RANGE (obj_0008 uses spell_0116 on obj_0005.)
(2025-07-03 16:57:55,085) DEBUG: [1.527: id=0006] EventOutcome.SUCCESS (obj_0008 uses spell_0361 on obj_0005.)
(2025-07-03 16:57:55,102) DEBUG: [1.544: id=0001] EventOutcome.SUCCESS (obj_0006 uses spell_0361 on obj_0002.)
(2025-07-03 16:57:55,102) DEBUG: [1.544: id=0002] EventOutcome.SUCCESS (obj_0007 uses spell_0361 on obj_0004.)
(2025-07-03 16:57:55,102) DEBUG: [1.544: id=0003] EventOutcome.SUCCESS (obj_0008 uses spell_0361 on obj_0005.)
(2025-07-03 16:57:55,118) DEBUG: [1.552: id=0001] EventOutcome.OUT_OF_RANGE (obj_0006 uses spell_0116 on obj_0002.)
(2025-07-03 16:57:55,118) DEBUG: [1.552: id=0002] EventOutcome.OUT_OF_RANGE (obj_0007 uses spell_0116 on obj_0004.)
(2025-07-03 16:57:55,118) DEBUG: [1.552: id=0003] EventOutcome.OUT_OF_RANGE (obj_0008 uses spell_0116 on obj_0005.)
(2025-07-03 16:57:55,118) DEBUG: [1.560: id=0004] EventOutcome.SUCCESS (obj_0006 uses spell_0361 on obj_0002.)
(2025-07-03 16:57:55,118) DEBUG: [1.560: id=0005] EventOutcome.SUCCESS (obj_0007 uses spell_0361 on obj_0004.)
(2025-07-03 16:57:55,118) DEBUG: [1.560: id=0006] EventOutcome.SUCCESS (obj_0008 uses spell_0361 on obj_0005.)
(2025-07-03 16:57:55,151) DEBUG: [1.577: id=0001] EventOutcome.OUT_OF_RANGE (obj_0006 uses spell_0116 on obj_0002.)
(2025-07-03 16:57:55,151) DEBUG: [1.577: id=0002] EventOutcome.SUCCESS (obj_0006 uses spell_0361 on obj_0002.)
(2025-07-03 16:57:55,151) DEBUG: [1.577: id=0003] EventOutcome.OUT_OF_RANGE (obj_0007 uses spell_0116 on obj_0004.)
(2025-07-03 16:57:55,151) DEBUG: [1.577: id=0004] EventOutcome.SUCCESS (obj_0007 uses spell_0361 on obj_0004.)
(2025-07-03 16:57:55,151) DEBUG: [1.577: id=0005] EventOutcome.OUT_OF_RANGE (obj_0008 uses spell_0116 on obj_0005.)
(2025-07-03 16:57:55,151) DEBUG: [1.577: id=0006] EventOutcome.SUCCESS (obj_0008 uses spell_0361 on obj_0005.)
(2025-07-03 16:57:55,151) DEBUG: [1.594: id=0007] EventOutcome.SUCCESS (obj_0006 uses spell_0361 on obj_0002.)
(2025-07-03 16:57:55,151) DEBUG: [1.594: id=0008] EventOutcome.SUCCESS (obj_0007 uses spell_0361 on obj_0004.)
(2025-07-03 16:57:55,152) DEBUG: [1.594: id=0009] EventOutcome.SUCCESS (obj_0008 uses spell_0361 on obj_0005.)
(2025-07-03 16:57:55,167) DEBUG: [1.602: id=0001] EventOutcome.OUT_OF_RANGE (obj_0006 uses spell_0116 on obj_0002.)
(2025-07-03 16:57:55,167) DEBUG: [1.602: id=0002] EventOutcome.OUT_OF_RANGE (obj_0007 uses spell_0116 on obj_0004.)
(2025-07-03 16:57:55,167) DEBUG: [1.602: id=0003] EventOutcome.OUT_OF_RANGE (obj_0008 uses spell_0116 on obj_0005.)
(2025-07-03 16:57:55,183) DEBUG: [1.610: id=0001] EventOutcome.SUCCESS (obj_0006 uses spell_0361 on obj_0002.)
(2025-07-03 16:57:55,183) DEBUG: [1.610: id=0002] EventOutcome.SUCCESS (obj_0007 uses spell_0361 on obj_0004.)
(2025-07-03 16:57:55,183) DEBUG: [1.610: id=0003] EventOutcome.SUCCESS (obj_0008 uses spell_0361 on obj_0005.)
(2025-07-03 16:57:55,199) DEBUG: [1.627: id=0001] EventOutcome.OUT_OF_RANGE (obj_0006 uses spell_0116 on obj_0002.)
(2025-07-03 16:57:55,199) DEBUG: [1.627: id=0002] EventOutcome.SUCCESS (obj_0006 uses spell_0361 on obj_0002.)
(2025-07-03 16:57:55,199) DEBUG: [1.627: id=0003] EventOutcome.OUT_OF_RANGE (obj_0007 uses spell_0116 on obj_0004.)
(2025-07-03 16:57:55,199) DEBUG: [1.627: id=0004] EventOutcome.SUCCESS (obj_0007 uses spell_0361 on obj_0004.)
(2025-07-03 16:57:55,199) DEBUG: [1.627: id=0005] EventOutcome.OUT_OF_RANGE (obj_0008 uses spell_0116 on obj_0005.)
(2025-07-03 16:57:55,199) DEBUG: [1.627: id=0006] EventOutcome.SUCCESS (obj_0008 uses spell_0361 on obj_0005.)
(2025-07-03 16:57:55,215) DEBUG: [1.644: id=0001] EventOutcome.SUCCESS (obj_0006 uses spell_0361 on obj_0002.)
(2025-07-03 16:57:55,215) DEBUG: [1.644: id=0002] EventOutcome.SUCCESS (obj_0007 uses spell_0361 on obj_0004.)
(2025-07-03 16:57:55,215) DEBUG: [1.644: id=0003] EventOutcome.SUCCESS (obj_0008 uses spell_0361 on obj_0005.)
(2025-07-03 16:57:55,215) DEBUG: [1.652: id=0004] EventOutcome.OUT_OF_RANGE (obj_0006 uses spell_0116 on obj_0002.)
(2025-07-03 16:57:55,215) DEBUG: [1.652: id=0005] EventOutcome.OUT_OF_RANGE (obj_0007 uses spell_0116 on obj_0004.)
(2025-07-03 16:57:55,215) DEBUG: [1.652: id=0006] EventOutcome.OUT_OF_RANGE (obj_0008 uses spell_0116 on obj_0005.)
(2025-07-03 16:57:55,232) DEBUG: [1.660: id=0001] EventOutcome.SUCCESS (obj_0006 uses spell_0361 on obj_0002.)
(2025-07-03 16:57:55,232) DEBUG: [1.660: id=0002] EventOutcome.SUCCESS (obj_0007 uses spell_0361 on obj_0004.)
(2025-07-03 16:57:55,232) DEBUG: [1.660: id=0003] EventOutcome.SUCCESS (obj_0008 uses spell_0361 on obj_0005.)
(2025-07-03 16:57:55,248) DEBUG: [1.677: id=0001] EventOutcome.SUCCESS (obj_0006 uses spell_0361 on obj_0002.)
(2025-07-03 16:57:55,248) DEBUG: [1.677: id=0002] EventOutcome.SUCCESS (obj_0007 uses spell_0361 on obj_0004.)
(2025-07-03 16:57:55,248) DEBUG: [1.677: id=0003] EventOutcome.SUCCESS (obj_0008 uses spell_0361 on obj_0005.)
(2025-07-03 16:57:55,248) DEBUG: [1.677: id=0004] EventOutcome.OUT_OF_RANGE (obj_0006 uses spell_0116 on obj_0002.)
(2025-07-03 16:57:55,248) DEBUG: [1.677: id=0005] EventOutcome.OUT_OF_RANGE (obj_0007 uses spell_0116 on obj_0004.)
(2025-07-03 16:57:55,248) DEBUG: [1.677: id=0006] EventOutcome.OUT_OF_RANGE (obj_0008 uses spell_0116 on obj_0005.)
(2025-07-03 16:57:55,265) DEBUG: [1.694: id=0001] EventOutcome.SUCCESS (obj_0006 uses spell_0361 on obj_0002.)
(2025-07-03 16:57:55,265) DEBUG: [1.694: id=0002] EventOutcome.SUCCESS (obj_0007 uses spell_0361 on obj_0004.)
(2025-07-03 16:57:55,265) DEBUG: [1.694: id=0003] EventOutcome.SUCCESS (obj_0008 uses spell_0361 on obj_0005.)
(2025-07-03 16:57:55,265) DEBUG: [1.702: id=0004] EventOutcome.OUT_OF_RANGE (obj_0006 uses spell_0116 on obj_0002.)
(2025-07-03 16:57:55,266) DEBUG: [1.702: id=0005] EventOutcome.OUT_OF_RANGE (obj_0007 uses spell_0116 on obj_0004.)
(2025-07-03 16:57:55,266) DEBUG: [1.702: id=0006] EventOutcome.OUT_OF_RANGE (obj_0008 uses spell_0116 on obj_0005.)
(2025-07-03 16:57:55,281) DEBUG: [1.710: id=0001] EventOutcome.SUCCESS (obj_0006 uses spell_0361 on obj_0002.)
(2025-07-03 16:57:55,281) DEBUG: [1.710: id=0002] EventOutcome.SUCCESS (obj_0007 uses spell_0361 on obj_0004.)
(2025-07-03 16:57:55,281) DEBUG: [1.710: id=0003] EventOutcome.SUCCESS (obj_0008 uses spell_0361 on obj_0005.)
(2025-07-03 16:57:55,298) DEBUG: [1.727: id=0001] EventOutcome.OUT_OF_RANGE (obj_0006 uses spell_0116 on obj_0002.)
(2025-07-03 16:57:55,298) DEBUG: [1.727: id=0002] EventOutcome.SUCCESS (obj_0006 uses spell_0361 on obj_0002.)
(2025-07-03 16:57:55,298) DEBUG: [1.727: id=0003] EventOutcome.OUT_OF_RANGE (obj_0007 uses spell_0116 on obj_0004.)
(2025-07-03 16:57:55,298) DEBUG: [1.727: id=0004] EventOutcome.SUCCESS (obj_0007 uses spell_0361 on obj_0004.)
(2025-07-03 16:57:55,298) DEBUG: [1.727: id=0005] EventOutcome.OUT_OF_RANGE (obj_0008 uses spell_0116 on obj_0005.)
(2025-07-03 16:57:55,298) DEBUG: [1.727: id=0006] EventOutcome.SUCCESS (obj_0008 uses spell_0361 on obj_0005.)
(2025-07-03 16:57:55,315) DEBUG: [1.744: id=0001] EventOutcome.SUCCESS (obj_0006 uses spell_0361 on obj_0002.)
(2025-07-03 16:57:55,315) DEBUG: [1.744: id=0002] EventOutcome.SUCCESS (obj_0007 uses spell_0361 on obj_0004.)
(2025-07-03 16:57:55,315) DEBUG: [1.744: id=0003] EventOutcome.SUCCESS (obj_0008 uses spell_0361 on obj_0005.)
(2025-07-03 16:57:55,315) DEBUG: [1.752: id=0004] EventOutcome.OUT_OF_RANGE (obj_0006 uses spell_0116 on obj_0002.)
(2025-07-03 16:57:55,316) DEBUG: [1.752: id=0005] EventOutcome.OUT_OF_RANGE (obj_0007 uses spell_0116 on obj_0004.)
(2025-07-03 16:57:55,316) DEBUG: [1.752: id=0006] EventOutcome.OUT_OF_RANGE (obj_0008 uses spell_0116 on obj_0005.)
(2025-07-03 16:57:55,331) DEBUG: [1.760: id=0001] EventOutcome.SUCCESS (obj_0006 uses spell_0361 on obj_0002.)
(2025-07-03 16:57:55,331) DEBUG: [1.760: id=0002] EventOutcome.SUCCESS (obj_0007 uses spell_0361 on obj_0004.)
(2025-07-03 16:57:55,331) DEBUG: [1.760: id=0003] EventOutcome.SUCCESS (obj_0008 uses spell_0361 on obj_0005.)
(2025-07-03 16:57:55,347) DEBUG: [1.777: id=0001] EventOutcome.OUT_OF_RANGE (obj_0006 uses spell_0116 on obj_0002.)
(2025-07-03 16:57:55,347) DEBUG: [1.777: id=0002] EventOutcome.SUCCESS (obj_0006 uses spell_0361 on obj_0002.)
(2025-07-03 16:57:55,347) DEBUG: [1.777: id=0003] EventOutcome.OUT_OF_RANGE (obj_0007 uses spell_0116 on obj_0004.)
(2025-07-03 16:57:55,347) DEBUG: [1.777: id=0004] EventOutcome.SUCCESS (obj_0007 uses spell_0361 on obj_0004.)
(2025-07-03 16:57:55,347) DEBUG: [1.777: id=0005] EventOutcome.SUCCESS (obj_0008 uses spell_0116 on obj_0005.)
(2025-07-03 16:57:55,347) DEBUG: [1.777: id=0006] EventOutcome.SOURCE_IS_DISABLED (obj_0008 uses spell_0361 on obj_0005.)
(2025-07-03 16:57:55,364) DEBUG: [1.794: id=0001] EventOutcome.SUCCESS (obj_0006 uses spell_0361 on obj_0002.)
(2025-07-03 16:57:55,364) DEBUG: [1.794: id=0002] EventOutcome.SUCCESS (obj_0007 uses spell_0361 on obj_0004.)
(2025-07-03 16:57:55,364) DEBUG: [1.794: id=0003] EventOutcome.SOURCE_IS_DISABLED (obj_0008 uses spell_0361 on obj_0005.)
(2025-07-03 16:57:55,364) DEBUG: [1.802: id=0004] EventOutcome.OUT_OF_RANGE (obj_0006 uses spell_0116 on obj_0002.)
(2025-07-03 16:57:55,364) DEBUG: [1.802: id=0005] EventOutcome.OUT_OF_RANGE (obj_0007 uses spell_0116 on obj_0004.)
(2025-07-03 16:57:55,380) DEBUG: [1.810: id=0001] EventOutcome.SUCCESS (obj_0006 uses spell_0361 on obj_0002.)
(2025-07-03 16:57:55,380) DEBUG: [1.810: id=0002] EventOutcome.SUCCESS (obj_0007 uses spell_0361 on obj_0004.)
(2025-07-03 16:57:55,396) DEBUG: [1.827: id=0001] EventOutcome.OUT_OF_RANGE (obj_0006 uses spell_0116 on obj_0002.)
(2025-07-03 16:57:55,396) DEBUG: [1.827: id=0002] EventOutcome.SUCCESS (obj_0006 uses spell_0361 on obj_0002.)
(2025-07-03 16:57:55,396) DEBUG: [1.827: id=0003] EventOutcome.OUT_OF_RANGE (obj_0007 uses spell_0116 on obj_0004.)
(2025-07-03 16:57:55,397) DEBUG: [1.827: id=0004] EventOutcome.SUCCESS (obj_0007 uses spell_0361 on obj_0004.)
(2025-07-03 16:57:55,413) DEBUG: [1.844: id=0001] EventOutcome.SUCCESS (obj_0006 uses spell_0361 on obj_0002.)
(2025-07-03 16:57:55,413) DEBUG: [1.844: id=0002] EventOutcome.SUCCESS (obj_0007 uses spell_0361 on obj_0004.)
(2025-07-03 16:57:55,413) DEBUG: [1.852: id=0003] EventOutcome.OUT_OF_RANGE (obj_0006 uses spell_0116 on obj_0002.)
(2025-07-03 16:57:55,414) DEBUG: [1.852: id=0004] EventOutcome.SUCCESS (obj_0007 uses spell_0116 on obj_0004.)
(2025-07-03 16:57:55,430) DEBUG: [1.860: id=0001] EventOutcome.SUCCESS (obj_0006 uses spell_0361 on obj_0002.)
(2025-07-03 16:57:55,430) DEBUG: [1.860: id=0002] EventOutcome.SOURCE_IS_DISABLED (obj_0007 uses spell_0361 on obj_0004.)
(2025-07-03 16:57:55,447) DEBUG: [1.877: id=0001] EventOutcome.OUT_OF_RANGE (obj_0006 uses spell_0116 on obj_0002.)
(2025-07-03 16:57:55,447) DEBUG: [1.877: id=0002] EventOutcome.SUCCESS (obj_0006 uses spell_0361 on obj_0002.)
(2025-07-03 16:57:55,463) DEBUG: [1.894: id=0001] EventOutcome.SUCCESS (obj_0006 uses spell_0361 on obj_0002.)
(2025-07-03 16:57:55,463) DEBUG: [1.900: id=0002] EventOutcome.SUCCESS (obj_0004 uses spell_0015 on obj_0003.)
(2025-07-03 16:57:55,463) DEBUG: [1.902: id=0003] EventOutcome.OUT_OF_RANGE (obj_0006 uses spell_0116 on obj_0002.)
(2025-07-03 16:57:55,480) DEBUG: [1.910: id=0001] EventOutcome.SUCCESS (obj_0006 uses spell_0361 on obj_0002.)
(2025-07-03 16:57:55,497) DEBUG: [1.927: id=0001] EventOutcome.SUCCESS (obj_0006 uses spell_0361 on obj_0002.)
(2025-07-03 16:57:55,497) DEBUG: [1.927: id=0002] EventOutcome.SUCCESS (obj_0006 uses spell_0116 on obj_0002.)
(2025-07-03 16:57:55,514) DEBUG: [1.944: id=0001] EventOutcome.SOURCE_IS_DISABLED (obj_0006 uses spell_0361 on obj_0002.)
(2025-07-03 16:57:55,564) DEBUG: [2.000: id=0001] EventOutcome.SUCCESS (obj_0003 uses spell_0041 on obj_0002.)
(2025-07-03 16:57:55,564) DEBUG: [2.000: id=0002] EventOutcome.SUCCESS (obj_0009 uses spell_0362 on obj_0009.)
(2025-07-03 16:57:55,565) DEBUG: [2.000: id=0003] EventOutcome.SUCCESS (obj_0003 uses spell_0041 on obj_0004.)
(2025-07-03 16:57:55,565) DEBUG: [2.000: id=0004] EventOutcome.SUCCESS (obj_0010 uses spell_0362 on obj_0010.)
(2025-07-03 16:57:55,565) DEBUG: [2.000: id=0005] EventOutcome.SUCCESS (obj_0009 uses spell_0117 on obj_0009.)
(2025-07-03 16:57:55,566) DEBUG: [2.000: id=0006] EventOutcome.SUCCESS (obj_0010 uses spell_0117 on obj_0010.)
(2025-07-03 16:57:55,566) DEBUG: [2.000: id=0007] EventOutcome.SUCCESS (obj_0003 uses spell_0041 on obj_0005.)
(2025-07-03 16:57:55,566) DEBUG: [2.000: id=0008] EventOutcome.SUCCESS (obj_0011 uses spell_0362 on obj_0011.)
(2025-07-03 16:57:55,566) DEBUG: [2.000: id=0009] EventOutcome.SUCCESS (obj_0011 uses spell_0117 on obj_0011.)
(2025-07-03 16:57:55,582) DEBUG: [2.017: id=0001] EventOutcome.SUCCESS (obj_0009 uses spell_0361 on obj_0002.)
(2025-07-03 16:57:55,582) DEBUG: [2.017: id=0002] EventOutcome.SUCCESS (obj_0010 uses spell_0361 on obj_0004.)
(2025-07-03 16:57:55,582) DEBUG: [2.017: id=0003] EventOutcome.SUCCESS (obj_0011 uses spell_0361 on obj_0005.)
(2025-07-03 16:57:55,582) DEBUG: [2.025: id=0004] EventOutcome.OUT_OF_RANGE (obj_0009 uses spell_0116 on obj_0002.)
(2025-07-03 16:57:55,582) DEBUG: [2.025: id=0005] EventOutcome.OUT_OF_RANGE (obj_0010 uses spell_0116 on obj_0004.)
(2025-07-03 16:57:55,582) DEBUG: [2.025: id=0006] EventOutcome.OUT_OF_RANGE (obj_0011 uses spell_0116 on obj_0005.)
(2025-07-03 16:57:55,598) DEBUG: [2.033: id=0001] EventOutcome.SUCCESS (obj_0009 uses spell_0361 on obj_0002.)
(2025-07-03 16:57:55,598) DEBUG: [2.033: id=0002] EventOutcome.SUCCESS (obj_0010 uses spell_0361 on obj_0004.)
(2025-07-03 16:57:55,598) DEBUG: [2.033: id=0003] EventOutcome.SUCCESS (obj_0011 uses spell_0361 on obj_0005.)
(2025-07-03 16:57:55,614) DEBUG: [2.050: id=0001] EventOutcome.OUT_OF_RANGE (obj_0009 uses spell_0116 on obj_0002.)
(2025-07-03 16:57:55,614) DEBUG: [2.050: id=0002] EventOutcome.SUCCESS (obj_0009 uses spell_0361 on obj_0002.)
(2025-07-03 16:57:55,614) DEBUG: [2.050: id=0003] EventOutcome.OUT_OF_RANGE (obj_0010 uses spell_0116 on obj_0004.)
(2025-07-03 16:57:55,614) DEBUG: [2.050: id=0004] EventOutcome.SUCCESS (obj_0010 uses spell_0361 on obj_0004.)
(2025-07-03 16:57:55,614) DEBUG: [2.050: id=0005] EventOutcome.OUT_OF_RANGE (obj_0011 uses spell_0116 on obj_0005.)
(2025-07-03 16:57:55,614) DEBUG: [2.050: id=0006] EventOutcome.SUCCESS (obj_0011 uses spell_0361 on obj_0005.)
(2025-07-03 16:57:55,630) DEBUG: [2.067: id=0001] EventOutcome.SUCCESS (obj_0009 uses spell_0361 on obj_0002.)
(2025-07-03 16:57:55,630) DEBUG: [2.067: id=0002] EventOutcome.SUCCESS (obj_0010 uses spell_0361 on obj_0004.)
(2025-07-03 16:57:55,630) DEBUG: [2.067: id=0003] EventOutcome.SUCCESS (obj_0011 uses spell_0361 on obj_0005.)
(2025-07-03 16:57:55,646) DEBUG: [2.075: id=0001] EventOutcome.OUT_OF_RANGE (obj_0009 uses spell_0116 on obj_0002.)
(2025-07-03 16:57:55,646) DEBUG: [2.075: id=0002] EventOutcome.OUT_OF_RANGE (obj_0010 uses spell_0116 on obj_0004.)
(2025-07-03 16:57:55,646) DEBUG: [2.075: id=0003] EventOutcome.OUT_OF_RANGE (obj_0011 uses spell_0116 on obj_0005.)
(2025-07-03 16:57:55,646) DEBUG: [2.083: id=0004] EventOutcome.SUCCESS (obj_0009 uses spell_0361 on obj_0002.)
(2025-07-03 16:57:55,646) DEBUG: [2.083: id=0005] EventOutcome.SUCCESS (obj_0010 uses spell_0361 on obj_0004.)
(2025-07-03 16:57:55,646) DEBUG: [2.083: id=0006] EventOutcome.SUCCESS (obj_0011 uses spell_0361 on obj_0005.)
(2025-07-03 16:57:55,663) DEBUG: [2.100: id=0001] EventOutcome.OUT_OF_RANGE (obj_0009 uses spell_0116 on obj_0002.)
(2025-07-03 16:57:55,663) DEBUG: [2.100: id=0002] EventOutcome.SUCCESS (obj_0009 uses spell_0361 on obj_0002.)
(2025-07-03 16:57:55,663) DEBUG: [2.100: id=0003] EventOutcome.OUT_OF_RANGE (obj_0010 uses spell_0116 on obj_0004.)
(2025-07-03 16:57:55,663) DEBUG: [2.100: id=0004] EventOutcome.SUCCESS (obj_0010 uses spell_0361 on obj_0004.)
(2025-07-03 16:57:55,663) DEBUG: [2.100: id=0005] EventOutcome.OUT_OF_RANGE (obj_0011 uses spell_0116 on obj_0005.)
(2025-07-03 16:57:55,663) DEBUG: [2.100: id=0006] EventOutcome.SUCCESS (obj_0011 uses spell_0361 on obj_0005.)
(2025-07-03 16:57:55,679) DEBUG: [2.117: id=0001] EventOutcome.SUCCESS (obj_0009 uses spell_0361 on obj_0002.)
(2025-07-03 16:57:55,679) DEBUG: [2.117: id=0002] EventOutcome.SUCCESS (obj_0010 uses spell_0361 on obj_0004.)
(2025-07-03 16:57:55,679) DEBUG: [2.117: id=0003] EventOutcome.SUCCESS (obj_0011 uses spell_0361 on obj_0005.)
(2025-07-03 16:57:55,695) DEBUG: [2.125: id=0001] EventOutcome.OUT_OF_RANGE (obj_0009 uses spell_0116 on obj_0002.)
(2025-07-03 16:57:55,695) DEBUG: [2.125: id=0002] EventOutcome.OUT_OF_RANGE (obj_0010 uses spell_0116 on obj_0004.)
(2025-07-03 16:57:55,695) DEBUG: [2.125: id=0003] EventOutcome.OUT_OF_RANGE (obj_0011 uses spell_0116 on obj_0005.)
(2025-07-03 16:57:55,695) DEBUG: [2.133: id=0004] EventOutcome.SUCCESS (obj_0009 uses spell_0361 on obj_0002.)
(2025-07-03 16:57:55,696) DEBUG: [2.133: id=0005] EventOutcome.SUCCESS (obj_0010 uses spell_0361 on obj_0004.)
(2025-07-03 16:57:55,696) DEBUG: [2.133: id=0006] EventOutcome.SUCCESS (obj_0011 uses spell_0361 on obj_0005.)
(2025-07-03 16:57:55,711) DEBUG: [2.150: id=0001] EventOutcome.OUT_OF_RANGE (obj_0009 uses spell_0116 on obj_0002.)
(2025-07-03 16:57:55,711) DEBUG: [2.150: id=0002] EventOutcome.SUCCESS (obj_0009 uses spell_0361 on obj_0002.)
(2025-07-03 16:57:55,711) DEBUG: [2.150: id=0003] EventOutcome.OUT_OF_RANGE (obj_0010 uses spell_0116 on obj_0004.)
(2025-07-03 16:57:55,711) DEBUG: [2.150: id=0004] EventOutcome.SUCCESS (obj_0010 uses spell_0361 on obj_0004.)
(2025-07-03 16:57:55,711) DEBUG: [2.150: id=0005] EventOutcome.OUT_OF_RANGE (obj_0011 uses spell_0116 on obj_0005.)
(2025-07-03 16:57:55,711) DEBUG: [2.150: id=0006] EventOutcome.SUCCESS (obj_0011 uses spell_0361 on obj_0005.)
(2025-07-03 16:57:55,727) DEBUG: [2.167: id=0001] EventOutcome.SUCCESS (obj_0009 uses spell_0361 on obj_0002.)
(2025-07-03 16:57:55,727) DEBUG: [2.167: id=0002] EventOutcome.SUCCESS (obj_0010 uses spell_0361 on obj_0004.)
(2025-07-03 16:57:55,727) DEBUG: [2.167: id=0003] EventOutcome.SUCCESS (obj_0011 uses spell_0361 on obj_0005.)
(2025-07-03 16:57:55,743) DEBUG: [2.175: id=0001] EventOutcome.OUT_OF_RANGE (obj_0009 uses spell_0116 on obj_0002.)
(2025-07-03 16:57:55,743) DEBUG: [2.175: id=0002] EventOutcome.OUT_OF_RANGE (obj_0010 uses spell_0116 on obj_0004.)
(2025-07-03 16:57:55,743) DEBUG: [2.175: id=0003] EventOutcome.OUT_OF_RANGE (obj_0011 uses spell_0116 on obj_0005.)
(2025-07-03 16:57:55,743) DEBUG: [2.183: id=0004] EventOutcome.SUCCESS (obj_0009 uses spell_0361 on obj_0002.)
(2025-07-03 16:57:55,743) DEBUG: [2.183: id=0005] EventOutcome.SUCCESS (obj_0010 uses spell_0361 on obj_0004.)
(2025-07-03 16:57:55,743) DEBUG: [2.183: id=0006] EventOutcome.SUCCESS (obj_0011 uses spell_0361 on obj_0005.)
(2025-07-03 16:57:55,760) DEBUG: [2.200: id=0001] EventOutcome.OUT_OF_RANGE (obj_0009 uses spell_0116 on obj_0002.)
(2025-07-03 16:57:55,760) DEBUG: [2.200: id=0002] EventOutcome.SUCCESS (obj_0009 uses spell_0361 on obj_0002.)
(2025-07-03 16:57:55,760) DEBUG: [2.200: id=0003] EventOutcome.OUT_OF_RANGE (obj_0010 uses spell_0116 on obj_0004.)
(2025-07-03 16:57:55,760) DEBUG: [2.200: id=0004] EventOutcome.SUCCESS (obj_0010 uses spell_0361 on obj_0004.)
(2025-07-03 16:57:55,760) DEBUG: [2.200: id=0005] EventOutcome.OUT_OF_RANGE (obj_0011 uses spell_0116 on obj_0005.)
(2025-07-03 16:57:55,760) DEBUG: [2.200: id=0006] EventOutcome.SUCCESS (obj_0011 uses spell_0361 on obj_0005.)
(2025-07-03 16:57:55,777) DEBUG: [2.217: id=0001] EventOutcome.SUCCESS (obj_0009 uses spell_0361 on obj_0002.)
(2025-07-03 16:57:55,777) DEBUG: [2.217: id=0002] EventOutcome.SUCCESS (obj_0010 uses spell_0361 on obj_0004.)
(2025-07-03 16:57:55,777) DEBUG: [2.217: id=0003] EventOutcome.SUCCESS (obj_0011 uses spell_0361 on obj_0005.)
(2025-07-03 16:57:55,793) DEBUG: [2.225: id=0001] EventOutcome.OUT_OF_RANGE (obj_0009 uses spell_0116 on obj_0002.)
(2025-07-03 16:57:55,793) DEBUG: [2.225: id=0002] EventOutcome.OUT_OF_RANGE (obj_0010 uses spell_0116 on obj_0004.)
(2025-07-03 16:57:55,793) DEBUG: [2.225: id=0003] EventOutcome.OUT_OF_RANGE (obj_0011 uses spell_0116 on obj_0005.)
(2025-07-03 16:57:55,793) DEBUG: [2.233: id=0004] EventOutcome.SUCCESS (obj_0009 uses spell_0361 on obj_0002.)
(2025-07-03 16:57:55,793) DEBUG: [2.233: id=0005] EventOutcome.SUCCESS (obj_0010 uses spell_0361 on obj_0004.)
(2025-07-03 16:57:55,793) DEBUG: [2.233: id=0006] EventOutcome.SUCCESS (obj_0011 uses spell_0361 on obj_0005.)
(2025-07-03 16:57:55,810) DEBUG: [2.250: id=0001] EventOutcome.OUT_OF_RANGE (obj_0009 uses spell_0116 on obj_0002.)
(2025-07-03 16:57:55,810) DEBUG: [2.250: id=0002] EventOutcome.SUCCESS (obj_0009 uses spell_0361 on obj_0002.)
(2025-07-03 16:57:55,810) DEBUG: [2.250: id=0003] EventOutcome.OUT_OF_RANGE (obj_0010 uses spell_0116 on obj_0004.)
(2025-07-03 16:57:55,810) DEBUG: [2.250: id=0004] EventOutcome.SUCCESS (obj_0010 uses spell_0361 on obj_0004.)
(2025-07-03 16:57:55,811) DEBUG: [2.250: id=0005] EventOutcome.OUT_OF_RANGE (obj_0011 uses spell_0116 on obj_0005.)
(2025-07-03 16:57:55,811) DEBUG: [2.250: id=0006] EventOutcome.SUCCESS (obj_0011 uses spell_0361 on obj_0005.)
(2025-07-03 16:57:55,826) DEBUG: [2.267: id=0001] EventOutcome.SUCCESS (obj_0009 uses spell_0361 on obj_0002.)
(2025-07-03 16:57:55,826) DEBUG: [2.267: id=0002] EventOutcome.SUCCESS (obj_0010 uses spell_0361 on obj_0004.)
(2025-07-03 16:57:55,826) DEBUG: [2.267: id=0003] EventOutcome.SUCCESS (obj_0011 uses spell_0361 on obj_0005.)
(2025-07-03 16:57:55,842) DEBUG: [2.275: id=0001] EventOutcome.OUT_OF_RANGE (obj_0009 uses spell_0116 on obj_0002.)
(2025-07-03 16:57:55,842) DEBUG: [2.275: id=0002] EventOutcome.OUT_OF_RANGE (obj_0010 uses spell_0116 on obj_0004.)
(2025-07-03 16:57:55,842) DEBUG: [2.275: id=0003] EventOutcome.OUT_OF_RANGE (obj_0011 uses spell_0116 on obj_0005.)
(2025-07-03 16:57:55,842) DEBUG: [2.283: id=0004] EventOutcome.SUCCESS (obj_0009 uses spell_0361 on obj_0002.)
(2025-07-03 16:57:55,842) DEBUG: [2.283: id=0005] EventOutcome.SUCCESS (obj_0010 uses spell_0361 on obj_0004.)
(2025-07-03 16:57:55,842) DEBUG: [2.283: id=0006] EventOutcome.SUCCESS (obj_0011 uses spell_0361 on obj_0005.)
(2025-07-03 16:57:55,859) DEBUG: [2.300: id=0001] EventOutcome.OUT_OF_RANGE (obj_0009 uses spell_0116 on obj_0002.)
(2025-07-03 16:57:55,860) DEBUG: [2.300: id=0002] EventOutcome.SUCCESS (obj_0009 uses spell_0361 on obj_0002.)
(2025-07-03 16:57:55,860) DEBUG: [2.300: id=0003] EventOutcome.OUT_OF_RANGE (obj_0010 uses spell_0116 on obj_0004.)
(2025-07-03 16:57:55,860) DEBUG: [2.300: id=0004] EventOutcome.SUCCESS (obj_0010 uses spell_0361 on obj_0004.)
(2025-07-03 16:57:55,860) DEBUG: [2.300: id=0005] EventOutcome.OUT_OF_RANGE (obj_0011 uses spell_0116 on obj_0005.)
(2025-07-03 16:57:55,860) DEBUG: [2.300: id=0006] EventOutcome.SUCCESS (obj_0011 uses spell_0361 on obj_0005.)
(2025-07-03 16:57:55,860) DEBUG: [2.300: id=0007] EventOutcome.SUCCESS (obj_0005 uses spell_0115 on obj_0005.)
(2025-07-03 16:57:55,876) DEBUG: [2.317: id=0001] EventOutcome.SUCCESS (obj_0009 uses spell_0361 on obj_0002.)
(2025-07-03 16:57:55,876) DEBUG: [2.317: id=0002] EventOutcome.SUCCESS (obj_0010 uses spell_0361 on obj_0004.)
(2025-07-03 16:57:55,876) DEBUG: [2.317: id=0003] EventOutcome.SUCCESS (obj_0011 uses spell_0361 on obj_0005.)
(2025-07-03 16:57:55,893) DEBUG: [2.325: id=0001] EventOutcome.OUT_OF_RANGE (obj_0009 uses spell_0116 on obj_0002.)
(2025-07-03 16:57:55,893) DEBUG: [2.325: id=0002] EventOutcome.OUT_OF_RANGE (obj_0010 uses spell_0116 on obj_0004.)
(2025-07-03 16:57:55,893) DEBUG: [2.325: id=0003] EventOutcome.OUT_OF_RANGE (obj_0011 uses spell_0116 on obj_0005.)
(2025-07-03 16:57:55,893) DEBUG: [2.333: id=0004] EventOutcome.SUCCESS (obj_0009 uses spell_0361 on obj_0002.)
(2025-07-03 16:57:55,893) DEBUG: [2.333: id=0005] EventOutcome.SUCCESS (obj_0010 uses spell_0361 on obj_0004.)
(2025-07-03 16:57:55,893) DEBUG: [2.333: id=0006] EventOutcome.SUCCESS (obj_0011 uses spell_0361 on obj_0005.)
(2025-07-03 16:57:55,909) DEBUG: [2.350: id=0001] EventOutcome.OUT_OF_RANGE (obj_0009 uses spell_0116 on obj_0002.)
(2025-07-03 16:57:55,909) DEBUG: [2.350: id=0002] EventOutcome.SUCCESS (obj_0009 uses spell_0361 on obj_0002.)
(2025-07-03 16:57:55,909) DEBUG: [2.350: id=0003] EventOutcome.OUT_OF_RANGE (obj_0010 uses spell_0116 on obj_0004.)
(2025-07-03 16:57:55,909) DEBUG: [2.350: id=0004] EventOutcome.SUCCESS (obj_0010 uses spell_0361 on obj_0004.)
(2025-07-03 16:57:55,909) DEBUG: [2.350: id=0005] EventOutcome.OUT_OF_RANGE (obj_0011 uses spell_0116 on obj_0005.)
(2025-07-03 16:57:55,909) DEBUG: [2.350: id=0006] EventOutcome.SUCCESS (obj_0011 uses spell_0361 on obj_0005.)
(2025-07-03 16:57:55,926) DEBUG: [2.367: id=0001] EventOutcome.SUCCESS (obj_0009 uses spell_0361 on obj_0002.)
(2025-07-03 16:57:55,926) DEBUG: [2.367: id=0002] EventOutcome.SUCCESS (obj_0010 uses spell_0361 on obj_0004.)
(2025-07-03 16:57:55,926) DEBUG: [2.367: id=0003] EventOutcome.SUCCESS (obj_0011 uses spell_0361 on obj_0005.)
(2025-07-03 16:57:55,943) DEBUG: [2.375: id=0001] EventOutcome.OUT_OF_RANGE (obj_0009 uses spell_0116 on obj_0002.)
(2025-07-03 16:57:55,943) DEBUG: [2.375: id=0002] EventOutcome.OUT_OF_RANGE (obj_0010 uses spell_0116 on obj_0004.)
(2025-07-03 16:57:55,943) DEBUG: [2.375: id=0003] EventOutcome.OUT_OF_RANGE (obj_0011 uses spell_0116 on obj_0005.)
(2025-07-03 16:57:55,943) DEBUG: [2.383: id=0004] EventOutcome.SUCCESS (obj_0009 uses spell_0361 on obj_0002.)
(2025-07-03 16:57:55,943) DEBUG: [2.383: id=0005] EventOutcome.SUCCESS (obj_0010 uses spell_0361 on obj_0004.)
(2025-07-03 16:57:55,943) DEBUG: [2.383: id=0006] EventOutcome.SUCCESS (obj_0011 uses spell_0361 on obj_0005.)
(2025-07-03 16:57:55,960) DEBUG: [2.400: id=0001] EventOutcome.OUT_OF_RANGE (obj_0009 uses spell_0116 on obj_0002.)
(2025-07-03 16:57:55,960) DEBUG: [2.400: id=0002] EventOutcome.SUCCESS (obj_0009 uses spell_0361 on obj_0002.)
(2025-07-03 16:57:55,960) DEBUG: [2.400: id=0003] EventOutcome.OUT_OF_RANGE (obj_0010 uses spell_0116 on obj_0004.)
(2025-07-03 16:57:55,960) DEBUG: [2.400: id=0004] EventOutcome.SUCCESS (obj_0010 uses spell_0361 on obj_0004.)
(2025-07-03 16:57:55,960) DEBUG: [2.400: id=0005] EventOutcome.OUT_OF_RANGE (obj_0011 uses spell_0116 on obj_0005.)
(2025-07-03 16:57:55,960) DEBUG: [2.400: id=0006] EventOutcome.SUCCESS (obj_0011 uses spell_0361 on obj_0005.)
(2025-07-03 16:57:55,960) DEBUG: [2.400: id=0007] EventOutcome.OUT_OF_RANGE (obj_0005 uses spell_0114 on obj_0003.)
(2025-07-03 16:57:55,977) DEBUG: [2.417: id=0001] EventOutcome.SUCCESS (obj_0009 uses spell_0361 on obj_0002.)
(2025-07-03 16:57:55,977) DEBUG: [2.417: id=0002] EventOutcome.SUCCESS (obj_0010 uses spell_0361 on obj_0004.)
(2025-07-03 16:57:55,977) DEBUG: [2.417: id=0003] EventOutcome.SUCCESS (obj_0011 uses spell_0361 on obj_0005.)
(2025-07-03 16:57:55,993) DEBUG: [2.425: id=0001] EventOutcome.OUT_OF_RANGE (obj_0009 uses spell_0116 on obj_0002.)
(2025-07-03 16:57:55,993) DEBUG: [2.425: id=0002] EventOutcome.OUT_OF_RANGE (obj_0010 uses spell_0116 on obj_0004.)
(2025-07-03 16:57:55,993) DEBUG: [2.425: id=0003] EventOutcome.OUT_OF_RANGE (obj_0011 uses spell_0116 on obj_0005.)
(2025-07-03 16:57:55,993) DEBUG: [2.433: id=0004] EventOutcome.SUCCESS (obj_0009 uses spell_0361 on obj_0002.)
(2025-07-03 16:57:55,993) DEBUG: [2.433: id=0005] EventOutcome.SUCCESS (obj_0010 uses spell_0361 on obj_0004.)
(2025-07-03 16:57:55,993) DEBUG: [2.433: id=0006] EventOutcome.SUCCESS (obj_0011 uses spell_0361 on obj_0005.)
(2025-07-03 16:57:56,010) DEBUG: [2.450: id=0001] EventOutcome.OUT_OF_RANGE (obj_0009 uses spell_0116 on obj_0002.)
(2025-07-03 16:57:56,010) DEBUG: [2.450: id=0002] EventOutcome.SUCCESS (obj_0009 uses spell_0361 on obj_0002.)
(2025-07-03 16:57:56,010) DEBUG: [2.450: id=0003] EventOutcome.OUT_OF_RANGE (obj_0010 uses spell_0116 on obj_0004.)
(2025-07-03 16:57:56,010) DEBUG: [2.450: id=0004] EventOutcome.SUCCESS (obj_0010 uses spell_0361 on obj_0004.)
(2025-07-03 16:57:56,010) DEBUG: [2.450: id=0005] EventOutcome.OUT_OF_RANGE (obj_0011 uses spell_0116 on obj_0005.)
(2025-07-03 16:57:56,010) DEBUG: [2.450: id=0006] EventOutcome.SUCCESS (obj_0011 uses spell_0361 on obj_0005.)
(2025-07-03 16:57:56,027) DEBUG: [2.467: id=0001] EventOutcome.SUCCESS (obj_0009 uses spell_0361 on obj_0002.)
(2025-07-03 16:57:56,027) DEBUG: [2.467: id=0002] EventOutcome.SUCCESS (obj_0010 uses spell_0361 on obj_0004.)
(2025-07-03 16:57:56,027) DEBUG: [2.467: id=0003] EventOutcome.SUCCESS (obj_0011 uses spell_0361 on obj_0005.)
(2025-07-03 16:57:56,043) DEBUG: [2.475: id=0001] EventOutcome.OUT_OF_RANGE (obj_0009 uses spell_0116 on obj_0002.)
(2025-07-03 16:57:56,043) DEBUG: [2.475: id=0002] EventOutcome.OUT_OF_RANGE (obj_0010 uses spell_0116 on obj_0004.)
(2025-07-03 16:57:56,043) DEBUG: [2.475: id=0003] EventOutcome.OUT_OF_RANGE (obj_0011 uses spell_0116 on obj_0005.)
(2025-07-03 16:57:56,043) DEBUG: [2.483: id=0004] EventOutcome.SUCCESS (obj_0009 uses spell_0361 on obj_0002.)
(2025-07-03 16:57:56,043) DEBUG: [2.483: id=0005] EventOutcome.SUCCESS (obj_0010 uses spell_0361 on obj_0004.)
(2025-07-03 16:57:56,043) DEBUG: [2.483: id=0006] EventOutcome.SUCCESS (obj_0011 uses spell_0361 on obj_0005.)
(2025-07-03 16:57:56,060) DEBUG: [2.500: id=0001] EventOutcome.OUT_OF_RANGE (obj_0009 uses spell_0116 on obj_0002.)
(2025-07-03 16:57:56,060) DEBUG: [2.500: id=0002] EventOutcome.SUCCESS (obj_0009 uses spell_0361 on obj_0002.)
(2025-07-03 16:57:56,060) DEBUG: [2.500: id=0003] EventOutcome.OUT_OF_RANGE (obj_0010 uses spell_0116 on obj_0004.)
(2025-07-03 16:57:56,060) DEBUG: [2.500: id=0004] EventOutcome.SUCCESS (obj_0010 uses spell_0361 on obj_0004.)
(2025-07-03 16:57:56,060) DEBUG: [2.500: id=0005] EventOutcome.OUT_OF_RANGE (obj_0011 uses spell_0116 on obj_0005.)
(2025-07-03 16:57:56,060) DEBUG: [2.500: id=0006] EventOutcome.SUCCESS (obj_0011 uses spell_0361 on obj_0005.)
(2025-07-03 16:57:56,060) DEBUG: [2.500: id=0007] EventOutcome.OUT_OF_RANGE (obj_0005 uses spell_0114 on obj_0003.)
(2025-07-03 16:57:56,077) DEBUG: [2.517: id=0001] EventOutcome.SUCCESS (obj_0009 uses spell_0361 on obj_0002.)
(2025-07-03 16:57:56,077) DEBUG: [2.517: id=0002] EventOutcome.SUCCESS (obj_0010 uses spell_0361 on obj_0004.)
(2025-07-03 16:57:56,077) DEBUG: [2.517: id=0003] EventOutcome.SUCCESS (obj_0011 uses spell_0361 on obj_0005.)
(2025-07-03 16:57:56,093) DEBUG: [2.525: id=0001] EventOutcome.OUT_OF_RANGE (obj_0009 uses spell_0116 on obj_0002.)
(2025-07-03 16:57:56,093) DEBUG: [2.525: id=0002] EventOutcome.OUT_OF_RANGE (obj_0010 uses spell_0116 on obj_0004.)
(2025-07-03 16:57:56,093) DEBUG: [2.525: id=0003] EventOutcome.OUT_OF_RANGE (obj_0011 uses spell_0116 on obj_0005.)
(2025-07-03 16:57:56,093) DEBUG: [2.533: id=0004] EventOutcome.SUCCESS (obj_0009 uses spell_0361 on obj_0002.)
(2025-07-03 16:57:56,093) DEBUG: [2.533: id=0005] EventOutcome.SUCCESS (obj_0010 uses spell_0361 on obj_0004.)
(2025-07-03 16:57:56,093) DEBUG: [2.533: id=0006] EventOutcome.SUCCESS (obj_0011 uses spell_0361 on obj_0005.)
(2025-07-03 16:57:56,110) DEBUG: [2.550: id=0001] EventOutcome.OUT_OF_RANGE (obj_0009 uses spell_0116 on obj_0002.)
(2025-07-03 16:57:56,110) DEBUG: [2.550: id=0002] EventOutcome.SUCCESS (obj_0009 uses spell_0361 on obj_0002.)
(2025-07-03 16:57:56,110) DEBUG: [2.550: id=0003] EventOutcome.OUT_OF_RANGE (obj_0010 uses spell_0116 on obj_0004.)
(2025-07-03 16:57:56,110) DEBUG: [2.550: id=0004] EventOutcome.SUCCESS (obj_0010 uses spell_0361 on obj_0004.)
(2025-07-03 16:57:56,110) DEBUG: [2.550: id=0005] EventOutcome.OUT_OF_RANGE (obj_0011 uses spell_0116 on obj_0005.)
(2025-07-03 16:57:56,110) DEBUG: [2.550: id=0006] EventOutcome.SUCCESS (obj_0011 uses spell_0361 on obj_0005.)
(2025-07-03 16:57:56,127) DEBUG: [2.567: id=0001] EventOutcome.SUCCESS (obj_0009 uses spell_0361 on obj_0002.)
(2025-07-03 16:57:56,127) DEBUG: [2.567: id=0002] EventOutcome.SUCCESS (obj_0010 uses spell_0361 on obj_0004.)
(2025-07-03 16:57:56,127) DEBUG: [2.567: id=0003] EventOutcome.SUCCESS (obj_0011 uses spell_0361 on obj_0005.)
(2025-07-03 16:57:56,144) DEBUG: [2.575: id=0001] EventOutcome.OUT_OF_RANGE (obj_0009 uses spell_0116 on obj_0002.)
(2025-07-03 16:57:56,144) DEBUG: [2.575: id=0002] EventOutcome.OUT_OF_RANGE (obj_0010 uses spell_0116 on obj_0004.)
(2025-07-03 16:57:56,144) DEBUG: [2.575: id=0003] EventOutcome.OUT_OF_RANGE (obj_0011 uses spell_0116 on obj_0005.)
(2025-07-03 16:57:56,144) DEBUG: [2.583: id=0004] EventOutcome.SUCCESS (obj_0009 uses spell_0361 on obj_0002.)
(2025-07-03 16:57:56,145) DEBUG: [2.583: id=0005] EventOutcome.SUCCESS (obj_0010 uses spell_0361 on obj_0004.)
(2025-07-03 16:57:56,145) DEBUG: [2.583: id=0006] EventOutcome.SUCCESS (obj_0011 uses spell_0361 on obj_0005.)
(2025-07-03 16:57:56,160) DEBUG: [2.600: id=0001] EventOutcome.OUT_OF_RANGE (obj_0009 uses spell_0116 on obj_0002.)
(2025-07-03 16:57:56,160) DEBUG: [2.600: id=0002] EventOutcome.SUCCESS (obj_0009 uses spell_0361 on obj_0002.)
(2025-07-03 16:57:56,160) DEBUG: [2.600: id=0003] EventOutcome.OUT_OF_RANGE (obj_0010 uses spell_0116 on obj_0004.)
(2025-07-03 16:57:56,160) DEBUG: [2.600: id=0004] EventOutcome.SUCCESS (obj_0010 uses spell_0361 on obj_0004.)
(2025-07-03 16:57:56,160) DEBUG: [2.600: id=0005] EventOutcome.OUT_OF_RANGE (obj_0011 uses spell_0116 on obj_0005.)
(2025-07-03 16:57:56,160) DEBUG: [2.600: id=0006] EventOutcome.SUCCESS (obj_0011 uses spell_0361 on obj_0005.)
(2025-07-03 16:57:56,160) DEBUG: [2.600: id=0007] EventOutcome.OUT_OF_RANGE (obj_0005 uses spell_0114 on obj_0003.)
(2025-07-03 16:57:56,176) DEBUG: [2.617: id=0001] EventOutcome.SUCCESS (obj_0009 uses spell_0361 on obj_0002.)
(2025-07-03 16:57:56,176) DEBUG: [2.617: id=0002] EventOutcome.SUCCESS (obj_0010 uses spell_0361 on obj_0004.)
(2025-07-03 16:57:56,176) DEBUG: [2.617: id=0003] EventOutcome.SUCCESS (obj_0011 uses spell_0361 on obj_0005.)
(2025-07-03 16:57:56,193) DEBUG: [2.625: id=0001] EventOutcome.OUT_OF_RANGE (obj_0009 uses spell_0116 on obj_0002.)
(2025-07-03 16:57:56,193) DEBUG: [2.625: id=0002] EventOutcome.OUT_OF_RANGE (obj_0010 uses spell_0116 on obj_0004.)
(2025-07-03 16:57:56,193) DEBUG: [2.625: id=0003] EventOutcome.OUT_OF_RANGE (obj_0011 uses spell_0116 on obj_0005.)
(2025-07-03 16:57:56,193) DEBUG: [2.633: id=0004] EventOutcome.SUCCESS (obj_0009 uses spell_0361 on obj_0002.)
(2025-07-03 16:57:56,193) DEBUG: [2.633: id=0005] EventOutcome.SUCCESS (obj_0010 uses spell_0361 on obj_0004.)
(2025-07-03 16:57:56,194) DEBUG: [2.633: id=0006] EventOutcome.SUCCESS (obj_0011 uses spell_0361 on obj_0005.)
(2025-07-03 16:57:56,210) DEBUG: [2.650: id=0001] EventOutcome.OUT_OF_RANGE (obj_0009 uses spell_0116 on obj_0002.)
(2025-07-03 16:57:56,210) DEBUG: [2.650: id=0002] EventOutcome.SUCCESS (obj_0009 uses spell_0361 on obj_0002.)
(2025-07-03 16:57:56,210) DEBUG: [2.650: id=0003] EventOutcome.OUT_OF_RANGE (obj_0010 uses spell_0116 on obj_0004.)
(2025-07-03 16:57:56,210) DEBUG: [2.650: id=0004] EventOutcome.SUCCESS (obj_0010 uses spell_0361 on obj_0004.)
(2025-07-03 16:57:56,210) DEBUG: [2.650: id=0005] EventOutcome.OUT_OF_RANGE (obj_0011 uses spell_0116 on obj_0005.)
(2025-07-03 16:57:56,210) DEBUG: [2.650: id=0006] EventOutcome.SUCCESS (obj_0011 uses spell_0361 on obj_0005.)
(2025-07-03 16:57:56,227) DEBUG: [2.667: id=0001] EventOutcome.SUCCESS (obj_0009 uses spell_0361 on obj_0002.)
(2025-07-03 16:57:56,227) DEBUG: [2.667: id=0002] EventOutcome.SUCCESS (obj_0010 uses spell_0361 on obj_0004.)
(2025-07-03 16:57:56,227) DEBUG: [2.667: id=0003] EventOutcome.SUCCESS (obj_0011 uses spell_0361 on obj_0005.)
(2025-07-03 16:57:56,243) DEBUG: [2.675: id=0001] EventOutcome.OUT_OF_RANGE (obj_0009 uses spell_0116 on obj_0002.)
(2025-07-03 16:57:56,243) DEBUG: [2.675: id=0002] EventOutcome.OUT_OF_RANGE (obj_0010 uses spell_0116 on obj_0004.)
(2025-07-03 16:57:56,243) DEBUG: [2.675: id=0003] EventOutcome.OUT_OF_RANGE (obj_0011 uses spell_0116 on obj_0005.)
(2025-07-03 16:57:56,243) DEBUG: [2.683: id=0004] EventOutcome.SUCCESS (obj_0009 uses spell_0361 on obj_0002.)
(2025-07-03 16:57:56,243) DEBUG: [2.683: id=0005] EventOutcome.SUCCESS (obj_0010 uses spell_0361 on obj_0004.)
(2025-07-03 16:57:56,243) DEBUG: [2.683: id=0006] EventOutcome.SUCCESS (obj_0011 uses spell_0361 on obj_0005.)
(2025-07-03 16:57:56,260) DEBUG: [2.700: id=0001] EventOutcome.OUT_OF_RANGE (obj_0009 uses spell_0116 on obj_0002.)
(2025-07-03 16:57:56,260) DEBUG: [2.700: id=0002] EventOutcome.SUCCESS (obj_0009 uses spell_0361 on obj_0002.)
(2025-07-03 16:57:56,260) DEBUG: [2.700: id=0003] EventOutcome.OUT_OF_RANGE (obj_0010 uses spell_0116 on obj_0004.)
(2025-07-03 16:57:56,260) DEBUG: [2.700: id=0004] EventOutcome.SUCCESS (obj_0010 uses spell_0361 on obj_0004.)
(2025-07-03 16:57:56,260) DEBUG: [2.700: id=0005] EventOutcome.OUT_OF_RANGE (obj_0011 uses spell_0116 on obj_0005.)
(2025-07-03 16:57:56,260) DEBUG: [2.700: id=0006] EventOutcome.SUCCESS (obj_0011 uses spell_0361 on obj_0005.)
(2025-07-03 16:57:56,260) DEBUG: [2.700: id=0007] EventOutcome.OUT_OF_RANGE (obj_0005 uses spell_0114 on obj_0003.)
(2025-07-03 16:57:56,276) DEBUG: [2.717: id=0001] EventOutcome.SUCCESS (obj_0009 uses spell_0361 on obj_0002.)
(2025-07-03 16:57:56,276) DEBUG: [2.717: id=0002] EventOutcome.SUCCESS (obj_0010 uses spell_0361 on obj_0004.)
(2025-07-03 16:57:56,276) DEBUG: [2.717: id=0003] EventOutcome.SUCCESS (obj_0011 uses spell_0361 on obj_0005.)
(2025-07-03 16:57:56,293) DEBUG: [2.725: id=0001] EventOutcome.OUT_OF_RANGE (obj_0009 uses spell_0116 on obj_0002.)
(2025-07-03 16:57:56,293) DEBUG: [2.725: id=0002] EventOutcome.OUT_OF_RANGE (obj_0010 uses spell_0116 on obj_0004.)
(2025-07-03 16:57:56,293) DEBUG: [2.725: id=0003] EventOutcome.OUT_OF_RANGE (obj_0011 uses spell_0116 on obj_0005.)
(2025-07-03 16:57:56,293) DEBUG: [2.733: id=0004] EventOutcome.SUCCESS (obj_0009 uses spell_0361 on obj_0002.)
(2025-07-03 16:57:56,293) DEBUG: [2.733: id=0005] EventOutcome.SUCCESS (obj_0010 uses spell_0361 on obj_0004.)
(2025-07-03 16:57:56,293) DEBUG: [2.733: id=0006] EventOutcome.SUCCESS (obj_0011 uses spell_0361 on obj_0005.)
(2025-07-03 16:57:56,310) DEBUG: [2.750: id=0001] EventOutcome.OUT_OF_RANGE (obj_0009 uses spell_0116 on obj_0002.)
(2025-07-03 16:57:56,310) DEBUG: [2.750: id=0002] EventOutcome.SUCCESS (obj_0009 uses spell_0361 on obj_0002.)
(2025-07-03 16:57:56,310) DEBUG: [2.750: id=0003] EventOutcome.OUT_OF_RANGE (obj_0010 uses spell_0116 on obj_0004.)
(2025-07-03 16:57:56,310) DEBUG: [2.750: id=0004] EventOutcome.SUCCESS (obj_0010 uses spell_0361 on obj_0004.)
(2025-07-03 16:57:56,310) DEBUG: [2.750: id=0005] EventOutcome.OUT_OF_RANGE (obj_0011 uses spell_0116 on obj_0005.)
(2025-07-03 16:57:56,310) DEBUG: [2.750: id=0006] EventOutcome.SUCCESS (obj_0011 uses spell_0361 on obj_0005.)
(2025-07-03 16:57:56,327) DEBUG: [2.767: id=0001] EventOutcome.SUCCESS (obj_0009 uses spell_0361 on obj_0002.)
(2025-07-03 16:57:56,327) DEBUG: [2.767: id=0002] EventOutcome.SUCCESS (obj_0010 uses spell_0361 on obj_0004.)
(2025-07-03 16:57:56,327) DEBUG: [2.767: id=0003] EventOutcome.SUCCESS (obj_0011 uses spell_0361 on obj_0005.)
(2025-07-03 16:57:56,343) DEBUG: [2.775: id=0001] EventOutcome.OUT_OF_RANGE (obj_0009 uses spell_0116 on obj_0002.)
(2025-07-03 16:57:56,343) DEBUG: [2.775: id=0002] EventOutcome.OUT_OF_RANGE (obj_0010 uses spell_0116 on obj_0004.)
(2025-07-03 16:57:56,343) DEBUG: [2.775: id=0003] EventOutcome.OUT_OF_RANGE (obj_0011 uses spell_0116 on obj_0005.)
(2025-07-03 16:57:56,343) DEBUG: [2.783: id=0004] EventOutcome.SUCCESS (obj_0009 uses spell_0361 on obj_0002.)
(2025-07-03 16:57:56,343) DEBUG: [2.783: id=0005] EventOutcome.SUCCESS (obj_0010 uses spell_0361 on obj_0004.)
(2025-07-03 16:57:56,343) DEBUG: [2.783: id=0006] EventOutcome.SUCCESS (obj_0011 uses spell_0361 on obj_0005.)
(2025-07-03 16:57:56,360) DEBUG: [2.800: id=0001] EventOutcome.OUT_OF_RANGE (obj_0009 uses spell_0116 on obj_0002.)
(2025-07-03 16:57:56,360) DEBUG: [2.800: id=0002] EventOutcome.SUCCESS (obj_0009 uses spell_0361 on obj_0002.)
(2025-07-03 16:57:56,360) DEBUG: [2.800: id=0003] EventOutcome.OUT_OF_RANGE (obj_0010 uses spell_0116 on obj_0004.)
(2025-07-03 16:57:56,360) DEBUG: [2.800: id=0004] EventOutcome.SUCCESS (obj_0010 uses spell_0361 on obj_0004.)
(2025-07-03 16:57:56,360) DEBUG: [2.800: id=0005] EventOutcome.SUCCESS (obj_0011 uses spell_0116 on obj_0005.)
(2025-07-03 16:57:56,360) DEBUG: [2.800: id=0006] EventOutcome.SOURCE_IS_DISABLED (obj_0011 uses spell_0361 on obj_0005.)
(2025-07-03 16:57:56,360) DEBUG: [2.800: id=0007] EventOutcome.OUT_OF_RANGE (obj_0005 uses spell_0114 on obj_0003.)
(2025-07-03 16:57:56,377) DEBUG: [2.817: id=0001] EventOutcome.SUCCESS (obj_0009 uses spell_0361 on obj_0002.)
(2025-07-03 16:57:56,378) DEBUG: [2.817: id=0002] EventOutcome.SUCCESS (obj_0010 uses spell_0361 on obj_0004.)
(2025-07-03 16:57:56,378) DEBUG: [2.817: id=0003] EventOutcome.SOURCE_IS_DISABLED (obj_0011 uses spell_0361 on obj_0005.)
(2025-07-03 16:57:56,394) DEBUG: [2.825: id=0001] EventOutcome.OUT_OF_RANGE (obj_0009 uses spell_0116 on obj_0002.)
(2025-07-03 16:57:56,394) DEBUG: [2.825: id=0002] EventOutcome.OUT_OF_RANGE (obj_0010 uses spell_0116 on obj_0004.)
(2025-07-03 16:57:56,394) DEBUG: [2.833: id=0003] EventOutcome.SUCCESS (obj_0009 uses spell_0361 on obj_0002.)
(2025-07-03 16:57:56,395) DEBUG: [2.833: id=0004] EventOutcome.SUCCESS (obj_0010 uses spell_0361 on obj_0004.)
(2025-07-03 16:57:56,411) DEBUG: [2.850: id=0001] EventOutcome.OUT_OF_RANGE (obj_0009 uses spell_0116 on obj_0002.)
(2025-07-03 16:57:56,411) DEBUG: [2.850: id=0002] EventOutcome.SUCCESS (obj_0009 uses spell_0361 on obj_0002.)
(2025-07-03 16:57:56,412) DEBUG: [2.850: id=0003] EventOutcome.OUT_OF_RANGE (obj_0010 uses spell_0116 on obj_0004.)
(2025-07-03 16:57:56,412) DEBUG: [2.850: id=0004] EventOutcome.SUCCESS (obj_0010 uses spell_0361 on obj_0004.)
(2025-07-03 16:57:56,428) DEBUG: [2.867: id=0001] EventOutcome.SUCCESS (obj_0009 uses spell_0361 on obj_0002.)
(2025-07-03 16:57:56,428) DEBUG: [2.867: id=0002] EventOutcome.SUCCESS (obj_0010 uses spell_0361 on obj_0004.)
(2025-07-03 16:57:56,443) DEBUG: [2.875: id=0001] EventOutcome.OUT_OF_RANGE (obj_0009 uses spell_0116 on obj_0002.)
(2025-07-03 16:57:56,443) DEBUG: [2.875: id=0002] EventOutcome.SUCCESS (obj_0010 uses spell_0116 on obj_0004.)
(2025-07-03 16:57:56,444) DEBUG: [2.883: id=0003] EventOutcome.SUCCESS (obj_0009 uses spell_0361 on obj_0002.)
(2025-07-03 16:57:56,444) DEBUG: [2.883: id=0004] EventOutcome.SOURCE_IS_DISABLED (obj_0010 uses spell_0361 on obj_0004.)
(2025-07-03 16:57:56,460) DEBUG: [2.900: id=0001] EventOutcome.OUT_OF_RANGE (obj_0009 uses spell_0116 on obj_0002.)
(2025-07-03 16:57:56,460) DEBUG: [2.900: id=0002] EventOutcome.SUCCESS (obj_0009 uses spell_0361 on obj_0002.)
(2025-07-03 16:57:56,461) DEBUG: [2.900: id=0003] EventOutcome.SOURCE_IS_DISABLED (obj_0010 uses spell_0361 on obj_0004.)
(2025-07-03 16:57:56,461) DEBUG: [2.900: id=0004] EventOutcome.OUT_OF_RANGE (obj_0005 uses spell_0114 on obj_0003.)
(2025-07-03 16:57:56,477) DEBUG: [2.917: id=0001] EventOutcome.SUCCESS (obj_0009 uses spell_0361 on obj_0002.)
(2025-07-03 16:57:56,494) DEBUG: [2.925: id=0001] EventOutcome.OUT_OF_RANGE (obj_0009 uses spell_0116 on obj_0002.)
(2025-07-03 16:57:56,494) DEBUG: [2.933: id=0002] EventOutcome.SUCCESS (obj_0009 uses spell_0361 on obj_0002.)
(2025-07-03 16:57:56,511) DEBUG: [2.950: id=0001] EventOutcome.OUT_OF_RANGE (obj_0009 uses spell_0116 on obj_0002.)
(2025-07-03 16:57:56,511) DEBUG: [2.950: id=0002] EventOutcome.SUCCESS (obj_0009 uses spell_0361 on obj_0002.)
(2025-07-03 16:57:56,528) DEBUG: [2.967: id=0001] EventOutcome.SUCCESS (obj_0009 uses spell_0361 on obj_0002.)
(2025-07-03 16:57:56,545) DEBUG: [2.975: id=0001] EventOutcome.SUCCESS (obj_0009 uses spell_0116 on obj_0002.)
(2025-07-03 16:57:56,545) DEBUG: [2.983: id=0002] EventOutcome.SOURCE_IS_DISABLED (obj_0009 uses spell_0361 on obj_0002.)
(2025-07-03 16:57:56,562) DEBUG: [3.000: id=0001] EventOutcome.SOURCE_IS_DISABLED (obj_0009 uses spell_0361 on obj_0002.)
(2025-07-03 16:57:56,562) DEBUG: [3.000: id=0002] EventOutcome.SUCCESS (obj_0002 uses spell_0111 on obj_0003.)
(2025-07-03 16:57:56,562) DEBUG: [3.000: id=0003] EventOutcome.OUT_OF_RANGE (obj_0005 uses spell_0114 on obj_0003.)
(2025-07-03 16:57:56,662) DEBUG: [3.100: id=0001] EventOutcome.OUT_OF_RANGE (obj_0005 uses spell_0114 on obj_0003.)
(2025-07-03 16:57:56,763) DEBUG: [3.200: id=0001] EventOutcome.OUT_OF_RANGE (obj_0005 uses spell_0114 on obj_0003.)
(2025-07-03 16:57:56,865) DEBUG: [3.300: id=0001] EventOutcome.OUT_OF_RANGE (obj_0005 uses spell_0114 on obj_0003.)
